[debug] [2023-06-08T08:32:19.700Z] ----------------------------------------------------------------------
[debug] [2023-06-08T08:32:19.702Z] Command:       C:\Program Files\nodejs\node.exe C:\Users\paysa\AppData\Roaming\npm\node_modules\firebase-tools\lib\bin\firebase.js serve
[debug] [2023-06-08T08:32:19.703Z] CLI Version:   12.3.1
[debug] [2023-06-08T08:32:19.703Z] Platform:      win32
[debug] [2023-06-08T08:32:19.703Z] Node Version:  v18.12.1
[debug] [2023-06-08T08:32:19.704Z] Time:          Thu Jun 08 2023 10:32:19 GMT+0200 (heure d’été d’Europe centrale)
[debug] [2023-06-08T08:32:19.704Z] ----------------------------------------------------------------------
[debug] 
[debug] [2023-06-08T08:32:19.816Z] > command requires scopes: ["email","openid","https://www.googleapis.com/auth/cloudplatformprojects.readonly","https://www.googleapis.com/auth/firebase","https://www.googleapis.com/auth/cloud-platform"]
[debug] [2023-06-08T08:32:19.816Z] > authorizing via signed-in user (anorak.on.ice@gmail.com)
[debug] [2023-06-08T08:32:19.816Z] [iam] checking project rym-clone for permissions ["firebase.projects.get"]
[debug] [2023-06-08T08:32:19.817Z] > refreshing access token with scopes: []
[debug] [2023-06-08T08:32:19.819Z] >>> [apiv2][query] POST https://www.googleapis.com/oauth2/v3/token [none]
[debug] [2023-06-08T08:32:19.819Z] >>> [apiv2][body] POST https://www.googleapis.com/oauth2/v3/token [omitted]
[debug] [2023-06-08T08:32:20.056Z] <<< [apiv2][status] POST https://www.googleapis.com/oauth2/v3/token 200
[debug] [2023-06-08T08:32:20.056Z] <<< [apiv2][body] POST https://www.googleapis.com/oauth2/v3/token [omitted]
[debug] [2023-06-08T08:32:20.064Z] >>> [apiv2][query] POST https://cloudresourcemanager.googleapis.com/v1/projects/rym-clone:testIamPermissions [none]
[debug] [2023-06-08T08:32:20.064Z] >>> [apiv2][(partial)header] POST https://cloudresourcemanager.googleapis.com/v1/projects/rym-clone:testIamPermissions x-goog-quota-user=projects/rym-clone
[debug] [2023-06-08T08:32:20.065Z] >>> [apiv2][body] POST https://cloudresourcemanager.googleapis.com/v1/projects/rym-clone:testIamPermissions {"permissions":["firebase.projects.get"]}
[debug] [2023-06-08T08:32:20.895Z] <<< [apiv2][status] POST https://cloudresourcemanager.googleapis.com/v1/projects/rym-clone:testIamPermissions 200
[debug] [2023-06-08T08:32:20.895Z] <<< [apiv2][body] POST https://cloudresourcemanager.googleapis.com/v1/projects/rym-clone:testIamPermissions {"permissions":["firebase.projects.get"]}
[debug] [2023-06-08T08:32:20.896Z] >>> [apiv2][query] GET https://firebase.googleapis.com/v1beta1/projects/rym-clone [none]
[debug] [2023-06-08T08:32:21.327Z] <<< [apiv2][status] GET https://firebase.googleapis.com/v1beta1/projects/rym-clone 200
[debug] [2023-06-08T08:32:21.327Z] <<< [apiv2][body] GET https://firebase.googleapis.com/v1beta1/projects/rym-clone {"projectId":"rym-clone","projectNumber":"480078681930","displayName":"rym-clone","name":"projects/rym-clone","resources":{"hostingSite":"rym-clone","storageBucket":"rym-clone.appspot.com","locationId":"europe-west"},"state":"ACTIVE","etag":"1_9376d0e5-b021-4d42-a161-a67f05880032"}
[info] 
[info] === Serving from 'C:\Users\paysa\Documents\GitHub\rateeverything'...
[info] 
[debug] [2023-06-08T08:32:21.337Z] >>> [apiv2][query] GET https://firebasehosting.googleapis.com/v1beta1/projects/rym-clone/sites 
[debug] [2023-06-08T08:32:22.436Z] <<< [apiv2][status] GET https://firebasehosting.googleapis.com/v1beta1/projects/rym-clone/sites 200
[debug] [2023-06-08T08:32:22.436Z] <<< [apiv2][body] GET https://firebasehosting.googleapis.com/v1beta1/projects/rym-clone/sites {"sites":[{"name":"projects/rym-clone/sites/rym-clone","defaultUrl":"https://rym-clone.web.app","appId":"1:480078681930:web:59e641e5c9dc1dd87ed3b3","type":"DEFAULT_SITE"}]}
[debug] [2023-06-08T08:32:22.437Z] >>> [apiv2][query] GET https://firebase.googleapis.com/v1beta1/projects/rym-clone/webApps/1:480078681930:web:59e641e5c9dc1dd87ed3b3/config [none]
[debug] [2023-06-08T08:32:23.418Z] <<< [apiv2][status] GET https://firebase.googleapis.com/v1beta1/projects/rym-clone/webApps/1:480078681930:web:59e641e5c9dc1dd87ed3b3/config 200
[debug] [2023-06-08T08:32:23.418Z] <<< [apiv2][body] GET https://firebase.googleapis.com/v1beta1/projects/rym-clone/webApps/1:480078681930:web:59e641e5c9dc1dd87ed3b3/config {"projectId":"rym-clone","appId":"1:480078681930:web:59e641e5c9dc1dd87ed3b3","storageBucket":"rym-clone.appspot.com","locationId":"europe-west","apiKey":"AIzaSyBhdZqBHmNKm87MiwzBJIl1PG8NInGQZ8k","authDomain":"rym-clone.firebaseapp.com","messagingSenderId":"480078681930"}
[debug] [2023-06-08T08:32:23.421Z] >>> [apiv2][query] GET https://firebase.googleapis.com/v1beta1/projects/rym-clone [none]
[debug] [2023-06-08T08:32:23.749Z] <<< [apiv2][status] GET https://firebase.googleapis.com/v1beta1/projects/rym-clone 200
[debug] [2023-06-08T08:32:23.750Z] <<< [apiv2][body] GET https://firebase.googleapis.com/v1beta1/projects/rym-clone {"projectId":"rym-clone","projectNumber":"480078681930","displayName":"rym-clone","name":"projects/rym-clone","resources":{"hostingSite":"rym-clone","storageBucket":"rym-clone.appspot.com","locationId":"europe-west"},"state":"ACTIVE","etag":"1_9376d0e5-b021-4d42-a161-a67f05880032"}
[info] i  hosting[rym-clone]: Serving hosting files from: build {"metadata":{"emulator":{"name":"hosting"},"message":"Serving hosting files from: \u001b[1mbuild\u001b[22m"}}
[info] +  hosting[rym-clone]: Local server: http://localhost:5000 {"metadata":{"emulator":{"name":"hosting"},"message":"Local server: \u001b[4m\u001b[1mhttp://localhost:5000\u001b[22m\u001b[24m"}}
